<html>
<head>
<title>TestNG:  MISTest</title>
<link href="../testng.css" rel="stylesheet" type="text/css" />
<link href="../my-testng.css" rel="stylesheet" type="text/css" />

<style type="text/css">
.log { display: none;} 
.stack-trace { display: none;} 
</style>
<script type="text/javascript">
<!--
function flip(e) {
  current = e.style.display;
  if (current == 'block') {
    e.style.display = 'none';
    return 0;
  }
  else {
    e.style.display = 'block';
    return 1;
  }
}

function toggleBox(szDivId, elem, msg1, msg2)
{
  var res = -1;  if (document.getElementById) {
    res = flip(document.getElementById(szDivId));
  }
  else if (document.all) {
    // this is the way old msie versions work
    res = flip(document.all[szDivId]);
  }
  if(elem) {
    if(res == 0) elem.innerHTML = msg1; else elem.innerHTML = msg2;
  }

}

function toggleAllBoxes() {
  if (document.getElementsByTagName) {
    d = document.getElementsByTagName('div');
    for (i = 0; i < d.length; i++) {
      if (d[i].className == 'log') {
        flip(d[i]);
      }
    }
  }
}

// -->
</script>

</head>
<body>
<h2 align='center'>MISTest</h2><table border='1' align="center">
<tr>
<td>Tests passed/Failed/Skipped:</td><td>0/1/0</td>
</tr><tr>
<td>Started on:</td><td>Mon May 02 19:07:45 IST 2016</td>
</tr>
<tr><td>Total time:</td><td>17 seconds (17740 ms)</td>
</tr><tr>
<td>Included groups:</td><td></td>
</tr><tr>
<td>Excluded groups:</td><td></td>
</tr>
</table><p/>
<small><i>(Hover the method name to see the test class name)</i></small><p/>
<table width='100%' border='1' class='invocation-failed'>
<tr><td colspan='4' align='center'><b>FAILED TESTS</b></td></tr>
<tr><td><b>Test method</b></td>
<td width="30%"><b>Exception</b></td>
<td width="10%"><b>Time (seconds)</b></td>
<td><b>Instance</b></td>
</tr>
<tr>
<td title='com.morningstar.Definition.TestScenario001.testing001()'><b>testing001</b><br>Test class: com.morningstar.Definition.TestScenario001</td>
<td><div><pre>com.morningstar.Exceptions.UnsucessfulServiceException: Failed To Click On Continue Btn on GoogleHomePage page
	at com.morningstar.Framework.Page.click(Page.java:98)
	at com.morningstar.Pages.GoogleHomePage.selecthotel(GoogleHomePage.java:78)
	at com.morningstar.Definition.TestScenario001.testing001(TestScenario001.java:46)
	at java.util.concurrent.FutureTask.run(FutureTask.java:262)
	at java.util.concurrent.ThreadPoolExecutor.runWorker(ThreadPoolExecutor.java:1145)
	at java.util.concurrent.ThreadPoolExecutor$Worker.run(ThreadPoolExecutor.java:615)
	at java.lang.Thread.run(Thread.java:745)
Caused by: com.morningstar.Exceptions.ElementNotLoadedInSpecifiedTimeException: Element Continue Btn was not loaded in specified timeout of 5 seconds kindly refer attached screenshot for more clearification
	at com.morningstar.Framework.Page.waitForElementAndReturnElement(Page.java:44)
	at com.morningstar.Framework.Page.getWebElement(Page.java:395)
	at com.morningstar.Framework.Page.click(Page.java:90)
	... 22 more
Caused by: org.openqa.selenium.TimeoutException: Timed out after 5 seconds waiting for com.morningstar.Framework.WebDriverService$3@3235541d
Build info: version: &apos;2.47.0&apos;, revision: &apos;0e4837e94b1fad0db93e88cd972ed3e235a22892&apos;, time: &apos;2015-07-29 15:58:41&apos;
System info: host: &apos;IN-6CJQ6C2&apos;, ip: &apos;10.90.14.89&apos;, os.name: &apos;Windows 7&apos;, os.arch: &apos;amd64&apos;, os.version: &apos;6.1&apos;, java.version: &apos;1.7.0_80&apos;
Session ID: 0cfe561f-c6ce-4903-910e-eed82ab05fb0
Driver info: org.openqa.selenium.firefox.FirefoxDriver
Capabilities [{platform=WINDOWS, acceptSslCerts=true, javascriptEnabled=true, cssSelectorsEnabled=true, databaseEnabled=true, browserName=firefox, handlesAlerts=true, nativeEvents=false, webStorageEnabled=true, rotatable=false, locationContextEnabled=true, applicationCacheEnabled=true, takesScreenshot=true, version=42.0}]
	at org.openqa.selenium.support.ui.WebDriverWait.timeoutException(WebDriverWait.java:80)
	at org.openqa.selenium.support.ui.FluentWait.until(FluentWait.java:229)
	at com.morningstar.Framework.WebDriverService.waitForElementToBeClickable(WebDriverService.java:124)
	at com.morningstar.Framework.Page.waitForElementAndReturnElement(Page.java:41)
	... 24 more
... Removed 16 stack frames</pre></div><a href='#' onClick='toggleBox("stack-trace1699639655", this, "Click to show all stack frames", "Click to hide stack frames")'>Click to show all stack frames</a>
<div class='stack-trace' id='stack-trace1699639655'><pre>com.morningstar.Exceptions.UnsucessfulServiceException: Failed To Click On Continue Btn on GoogleHomePage page
	at com.morningstar.Framework.Page.click(Page.java:98)
	at com.morningstar.Pages.GoogleHomePage.selecthotel(GoogleHomePage.java:78)
	at com.morningstar.Definition.TestScenario001.testing001(TestScenario001.java:46)
	at sun.reflect.NativeMethodAccessorImpl.invoke0(Native Method)
	at sun.reflect.NativeMethodAccessorImpl.invoke(NativeMethodAccessorImpl.java:57)
	at sun.reflect.DelegatingMethodAccessorImpl.invoke(DelegatingMethodAccessorImpl.java:43)
	at java.lang.reflect.Method.invoke(Method.java:606)
	at org.testng.internal.MethodInvocationHelper.invokeMethod(MethodInvocationHelper.java:86)
	at org.testng.internal.Invoker.invokeMethod(Invoker.java:643)
	at org.testng.internal.Invoker.invokeTestMethod(Invoker.java:820)
	at org.testng.internal.Invoker.invokeTestMethods(Invoker.java:1128)
	at org.testng.internal.TestMethodWorker.invokeTestMethods(TestMethodWorker.java:129)
	at org.testng.internal.TestMethodWorker.run(TestMethodWorker.java:112)
	at org.testng.TestRunner.privateRun(TestRunner.java:782)
	at org.testng.TestRunner.run(TestRunner.java:632)
	at org.testng.SuiteRunner.runTest(SuiteRunner.java:366)
	at org.testng.SuiteRunner.access$000(SuiteRunner.java:39)
	at org.testng.SuiteRunner$SuiteWorker.run(SuiteRunner.java:400)
	at org.testng.internal.thread.ThreadUtil$2.call(ThreadUtil.java:64)
	at java.util.concurrent.FutureTask.run(FutureTask.java:262)
	at java.util.concurrent.ThreadPoolExecutor.runWorker(ThreadPoolExecutor.java:1145)
	at java.util.concurrent.ThreadPoolExecutor$Worker.run(ThreadPoolExecutor.java:615)
	at java.lang.Thread.run(Thread.java:745)
Caused by: com.morningstar.Exceptions.ElementNotLoadedInSpecifiedTimeException: Element Continue Btn was not loaded in specified timeout of 5 seconds kindly refer attached screenshot for more clearification
	at com.morningstar.Framework.Page.waitForElementAndReturnElement(Page.java:44)
	at com.morningstar.Framework.Page.getWebElement(Page.java:395)
	at com.morningstar.Framework.Page.click(Page.java:90)
	... 22 more
Caused by: org.openqa.selenium.TimeoutException: Timed out after 5 seconds waiting for com.morningstar.Framework.WebDriverService$3@3235541d
Build info: version: &apos;2.47.0&apos;, revision: &apos;0e4837e94b1fad0db93e88cd972ed3e235a22892&apos;, time: &apos;2015-07-29 15:58:41&apos;
System info: host: &apos;IN-6CJQ6C2&apos;, ip: &apos;10.90.14.89&apos;, os.name: &apos;Windows 7&apos;, os.arch: &apos;amd64&apos;, os.version: &apos;6.1&apos;, java.version: &apos;1.7.0_80&apos;
Session ID: 0cfe561f-c6ce-4903-910e-eed82ab05fb0
Driver info: org.openqa.selenium.firefox.FirefoxDriver
Capabilities [{platform=WINDOWS, acceptSslCerts=true, javascriptEnabled=true, cssSelectorsEnabled=true, databaseEnabled=true, browserName=firefox, handlesAlerts=true, nativeEvents=false, webStorageEnabled=true, rotatable=false, locationContextEnabled=true, applicationCacheEnabled=true, takesScreenshot=true, version=42.0}]
	at org.openqa.selenium.support.ui.WebDriverWait.timeoutException(WebDriverWait.java:80)
	at org.openqa.selenium.support.ui.FluentWait.until(FluentWait.java:229)
	at com.morningstar.Framework.WebDriverService.waitForElementToBeClickable(WebDriverService.java:124)
	at com.morningstar.Framework.Page.waitForElementAndReturnElement(Page.java:41)
	... 24 more
</pre></div></td>
<td>5</td>
<td>com.morningstar.Definition.TestScenario001@7bc0bd17</td></tr>
</table><p>
</body>
</html>