<?xml version="1.0" encoding="UTF-8"?>
<!-- Generated by org.testng.reporters.JUnitReportReporter -->
<testsuite hostname="IN-6CJQ6C2" name="com.morningstar.Definition.TestScenario001" tests="1" failures="0" timestamp="2 May 2016 13:38:03 GMT" time="5.061" errors="1">
  <testcase name="testing001" time="5.061" classname="com.morningstar.Definition.TestScenario001">
    <error type="com.morningstar.Exceptions.UnsucessfulServiceException" message="Failed To Click On Continue Btn on GoogleHomePage page">
      <![CDATA[com.morningstar.Exceptions.UnsucessfulServiceException: Failed To Click On Continue Btn on GoogleHomePage page
	at com.morningstar.Framework.Page.click(Page.java:98)
	at com.morningstar.Pages.GoogleHomePage.selecthotel(GoogleHomePage.java:78)
	at com.morningstar.Definition.TestScenario001.testing001(TestScenario001.java:46)
	at sun.reflect.NativeMethodAccessorImpl.invoke0(Native Method)
	at sun.reflect.NativeMethodAccessorImpl.invoke(NativeMethodAccessorImpl.java:57)
	at sun.reflect.DelegatingMethodAccessorImpl.invoke(DelegatingMethodAccessorImpl.java:43)
	at java.lang.reflect.Method.invoke(Method.java:606)
	at org.testng.internal.MethodInvocationHelper.invokeMethod(MethodInvocationHelper.java:86)
	at org.testng.internal.Invoker.invokeMethod(Invoker.java:643)
	at org.testng.internal.Invoker.invokeTestMethod(Invoker.java:820)
	at org.testng.internal.Invoker.invokeTestMethods(Invoker.java:1128)
	at org.testng.internal.TestMethodWorker.invokeTestMethods(TestMethodWorker.java:129)
	at org.testng.internal.TestMethodWorker.run(TestMethodWorker.java:112)
	at org.testng.TestRunner.privateRun(TestRunner.java:782)
	at org.testng.TestRunner.run(TestRunner.java:632)
	at org.testng.SuiteRunner.runTest(SuiteRunner.java:366)
	at org.testng.SuiteRunner.access$000(SuiteRunner.java:39)
	at org.testng.SuiteRunner$SuiteWorker.run(SuiteRunner.java:400)
	at org.testng.internal.thread.ThreadUtil$2.call(ThreadUtil.java:64)
	at java.util.concurrent.FutureTask.run(FutureTask.java:262)
	at java.util.concurrent.ThreadPoolExecutor.runWorker(ThreadPoolExecutor.java:1145)
	at java.util.concurrent.ThreadPoolExecutor$Worker.run(ThreadPoolExecutor.java:615)
	at java.lang.Thread.run(Thread.java:745)
Caused by: com.morningstar.Exceptions.ElementNotLoadedInSpecifiedTimeException: Element Continue Btn was not loaded in specified timeout of 5 seconds kindly refer attached screenshot for more clearification
	at com.morningstar.Framework.Page.waitForElementAndReturnElement(Page.java:44)
	at com.morningstar.Framework.Page.getWebElement(Page.java:395)
	at com.morningstar.Framework.Page.click(Page.java:90)
	... 22 more
Caused by: org.openqa.selenium.TimeoutException: Timed out after 5 seconds waiting for com.morningstar.Framework.WebDriverService$3@3235541d
Build info: version: '2.47.0', revision: '0e4837e94b1fad0db93e88cd972ed3e235a22892', time: '2015-07-29 15:58:41'
System info: host: 'IN-6CJQ6C2', ip: '10.90.14.89', os.name: 'Windows 7', os.arch: 'amd64', os.version: '6.1', java.version: '1.7.0_80'
Session ID: 0cfe561f-c6ce-4903-910e-eed82ab05fb0
Driver info: org.openqa.selenium.firefox.FirefoxDriver
Capabilities [{platform=WINDOWS, acceptSslCerts=true, javascriptEnabled=true, cssSelectorsEnabled=true, databaseEnabled=true, browserName=firefox, handlesAlerts=true, nativeEvents=false, webStorageEnabled=true, rotatable=false, locationContextEnabled=true, applicationCacheEnabled=true, takesScreenshot=true, version=42.0}]
	at org.openqa.selenium.support.ui.WebDriverWait.timeoutException(WebDriverWait.java:80)
	at org.openqa.selenium.support.ui.FluentWait.until(FluentWait.java:229)
	at com.morningstar.Framework.WebDriverService.waitForElementToBeClickable(WebDriverService.java:124)
	at com.morningstar.Framework.Page.waitForElementAndReturnElement(Page.java:41)
	... 24 more
]]>
    </error>
  </testcase> <!-- testing001 -->
</testsuite> <!-- com.morningstar.Definition.TestScenario001 -->
